INFO: [v++ 60-1306] Additional information associated with this v++ compile can be found at:
	Reports: /mnt/HLSNAS/03.qVBgKh/HostCodeOpt/reference-files/_x/reports/pass.hw
	Log files: /mnt/HLSNAS/03.qVBgKh/HostCodeOpt/reference-files/_x/logs/pass.hw
INFO: [v++ 60-1548] Creating build summary session with primary output /mnt/HLSNAS/03.qVBgKh/HostCodeOpt/reference-files/xclbin/pass.hw.xo.compile_summary, at Wed Oct 12 19:47:04 2022
INFO: [v++ 60-1316] Initiating connection to rulecheck server, at Wed Oct 12 19:47:04 2022
INFO: [v++ 60-1315] Creating rulecheck session with output '/mnt/HLSNAS/03.qVBgKh/HostCodeOpt/reference-files/_x/reports/pass.hw/v++_compile_pass.hw_guidance.html', at Wed Oct 12 19:47:05 2022
INFO: [v++ 60-895]   Target platform: /opt/xilinx/platforms/xilinx_u50_gen3x16_xdma_5_202210_1/xilinx_u50_gen3x16_xdma_5_202210_1.xpfm
INFO: [v++ 60-1578]   This platform contains Xilinx Shell Archive '/opt/xilinx/platforms/xilinx_u50_gen3x16_xdma_5_202210_1/hw/hw.xsa'
INFO: [v++ 74-78] Compiler Version string: 2022.1
INFO: [v++ 60-585] Compiling for hardware target
INFO: [v++ 60-423]   Target device: xilinx_u50_gen3x16_xdma_5_202210_1
INFO: [v++ 60-242] Creating kernel: 'pass'

===>The following messages were generated while  performing high-level synthesis for kernel: pass Log file: /mnt/HLSNAS/03.qVBgKh/HostCodeOpt/reference-files/_x/pass.hw/pass/vitis_hls.log :
INFO: [v++ 204-61] Pipelining loop 'VITIS_LOOP_8_1'.
INFO: [v++ 200-1470] Pipelining result : Target II = NA, Final II = 1, Depth = 3, loop 'VITIS_LOOP_8_1'
INFO: [v++ 204-61] Pipelining loop 'VITIS_LOOP_18_1'.
INFO: [v++ 200-1470] Pipelining result : Target II = NA, Final II = 1, Depth = 4, loop 'VITIS_LOOP_18_1'
INFO: [v++ 204-61] Pipelining loop 'VITIS_LOOP_30_1'.
INFO: [v++ 200-1470] Pipelining result : Target II = NA, Final II = 1, Depth = 3, loop 'VITIS_LOOP_30_1'
INFO: [v++ 200-789] **** Estimated Fmax: 411.00 MHz
INFO: [v++ 60-594] Finished kernel compilation
INFO: [v++ 60-244] Generating system estimate report...
INFO: [v++ 60-1092] Generated system estimate report: /mnt/HLSNAS/03.qVBgKh/HostCodeOpt/reference-files/_x/reports/pass.hw/system_estimate_pass.hw.xtxt
INFO: [v++ 60-586] Created xclbin/pass.hw.xo
INFO: [v++ 60-2343] Use the vitis_analyzer tool to visualize and navigate the relevant reports. Run the following command. 
    vitis_analyzer /mnt/HLSNAS/03.qVBgKh/HostCodeOpt/reference-files/xclbin/pass.hw.xo.compile_summary 
INFO: [v++ 60-791] Total elapsed time: 0h 0m 50s
INFO: [v++ 60-1653] Closing dispatch client.
